<?xml version="1.0" encoding="UTF-8"?>
<!-- Generated by org.testng.reporters.JUnitReportReporter -->
<testsuite hostname="Mehmets-iMac.local" name="com.hubspot.tests.ContactsPageTest" tests="1" failures="0" timestamp="26 Nov 2019 02:30:50 GMT" time="15.787" errors="0">
  <testcase name="verifyContactsPageTitle" time="15.787" classname="com.hubspot.tests.ContactsPageTest"/>
</testsuite> <!-- com.hubspot.tests.ContactsPageTest -->
