<?xml version="1.0" encoding="UTF-8"?>
<!-- Generated by org.testng.reporters.JUnitReportReporter -->
<testsuite name="com.hubspot.tests.LoginTest" tests="1" time="23.657" ignored="3" failures="0" timestamp="06 Dec 2019 05:17:38 GMT" skipped="0" hostname="YASUs-MacBook-Pro.local" errors="0">
  <testcase name="loginTest2" time="23.657" classname="com.hubspot.tests.LoginTest"/>
  <testcase name="loginPageTitleTest" classname="com.hubspot.tests.LoginTest">
    <skipped/>
  </testcase> <!-- loginPageTitleTest -->
  <testcase name="loginTest1" classname="com.hubspot.tests.LoginTest">
    <skipped/>
  </testcase> <!-- loginTest1 -->
  <testcase name="loginTest" classname="com.hubspot.tests.LoginTest">
    <skipped/>
  </testcase> <!-- loginTest -->
</testsuite> <!-- com.hubspot.tests.LoginTest -->
